# JRE version: OpenJDK Runtime Environment Temurin-21.0.12.1+1 (21.0.12.1+1) (build 21.0.12.1+1-LTS)
# Java VM: OpenJDK 64-Bit Server VM Temurin-21.0.12.1+1 (21.0.12.1+1-LTS, mixed mode, sharing, tiered, compressed oops, compressed class ptrs, parallel gc, windows-amd64)
GC Precious Log:
 CardTable entry size: 512
 CPUs: 12 total, 12 available
 Memory: 16016M
 Large Page Support: Disabled
 NUMA Support: Disabled
 Compressed Oops: Enabled (32-bit)
 Alignments: Space 512K, Generation 512K, Heap 2M
 Heap Min Capacity: 100M
 Heap Initial Capacity: 100M
 Heap Max Capacity: 2G
 Pre-touch: Disabled
 Parallel Workers: 10
Heap:
 PSYoungGen      total 22016K, used 9498K [0x00000000d5580000, 0x00000000d6d80000, 0x0000000100000000)
  eden space 19968K, 39% used [0x00000000d5580000,0x00000000d5d1efc0,0x00000000d6900000)
  from space 2048K, 82% used [0x00000000d6b80000,0x00000000d6d27b08,0x00000000d6d80000)
  to   space 2048K, 0% used [0x00000000d6980000,0x00000000d6980000,0x00000000d6b80000)
 ParOldGen       total 88576K, used 88535K [0x0000000080000000, 0x0000000085680000, 0x00000000d5580000)
  object space 88576K, 99% used [0x0000000080000000,0x0000000085675cc8,0x0000000085680000)
 Metaspace       used 76585K, committed 78144K, reserved 1179648K
  class space    used 9404K, committed 10112K, reserved 1048576K
GC Heap History (20 events):
Event: 32.117 GC heap before
{Heap before GC invocations=84 (full 3):
 PSYoungGen      total 21504K, used 21504K [0x00000000d5580000, 0x00000000d6c80000, 0x0000000100000000)
  eden space 20992K, 100% used [0x00000000d5580000,0x00000000d6a00000,0x00000000d6a00000)
  from space 512K, 100% used [0x00000000d6c00000,0x00000000d6c80000,0x00000000d6c80000)
  to   space 1024K, 0% used [0x00000000d6a80000,0x00000000d6a80000,0x00000000d6b80000)
 ParOldGen       total 80896K, used 80392K [0x0000000080000000, 0x0000000084f00000, 0x00000000d5580000)
  object space 80896K, 99% used [0x0000000080000000,0x0000000084e82280,0x0000000084f00000)
 Metaspace       used 72016K, committed 73536K, reserved 1114112K
  class space    used 8847K, committed 9536K, reserved 1048576K
}
Event: 32.119 GC heap after
{Heap after GC invocations=84 (full 3):
 PSYoungGen      total 22016K, used 576K [0x00000000d5580000, 0x00000000d6c80000, 0x0000000100000000)
  eden space 20992K, 0% used [0x00000000d5580000,0x00000000d5580000,0x00000000d6a00000)
  from space 1024K, 56% used [0x00000000d6a80000,0x00000000d6b10000,0x00000000d6b80000)
  to   space 1024K, 0% used [0x00000000d6b80000,0x00000000d6b80000,0x00000000d6c80000)
 ParOldGen       total 80896K, used 80760K [0x0000000080000000, 0x0000000084f00000, 0x00000000d5580000)
  object space 80896K, 99% used [0x0000000080000000,0x0000000084ede280,0x0000000084f00000)
 Metaspace       used 72016K, committed 73536K, reserved 1114112K
  class space    used 8847K, committed 9536K, reserved 1048576K
}
Event: 32.145 GC heap before
{Heap before GC invocations=85 (full 3):
 PSYoungGen      total 22016K, used 21568K [0x00000000d5580000, 0x00000000d6c80000, 0x0000000100000000)
  eden space 20992K, 100% used [0x00000000d5580000,0x00000000d6a00000,0x00000000d6a00000)
  from space 1024K, 56% used [0x00000000d6a80000,0x00000000d6b10000,0x00000000d6b80000)
  to   space 1024K, 0% used [0x00000000d6b80000,0x00000000d6b80000,0x00000000d6c80000)
 ParOldGen       total 80896K, used 80760K [0x0000000080000000, 0x0000000084f00000, 0x00000000d5580000)
  object space 80896K, 99% used [0x0000000080000000,0x0000000084ede280,0x0000000084f00000)
 Metaspace       used 72021K, committed 73536K, reserved 1114112K
  class space    used 8847K, committed 9536K, reserved 1048576K
}
Event: 32.147 GC heap after
{Heap after GC invocations=85 (full 3):
 PSYoungGen      total 22016K, used 608K [0x00000000d5580000, 0x00000000d6c80000, 0x0000000100000000)
  eden space 20992K, 0% used [0x00000000d5580000,0x00000000d5580000,0x00000000d6a00000)
  from space 1024K, 59% used [0x00000000d6b80000,0x00000000d6c18000,0x00000000d6c80000)
  to   space 1024K, 0% used [0x00000000d6a80000,0x00000000d6a80000,0x00000000d6b80000)
 ParOldGen       total 81408K, used 81112K [0x0000000080000000, 0x0000000084f80000, 0x00000000d5580000)
  object space 81408K, 99% used [0x0000000080000000,0x0000000084f36290,0x0000000084f80000)
 Metaspace       used 72021K, committed 73536K, reserved 1114112K
  class space    used 8847K, committed 9536K, reserved 1048576K
}
Event: 32.168 GC heap before
{Heap before GC invocations=86 (full 3):
 PSYoungGen      total 22016K, used 21600K [0x00000000d5580000, 0x00000000d6c80000, 0x0000000100000000)
  eden space 20992K, 100% used [0x00000000d5580000,0x00000000d6a00000,0x00000000d6a00000)
  from space 1024K, 59% used [0x00000000d6b80000,0x00000000d6c18000,0x00000000d6c80000)
  to   space 1024K, 0% used [0x00000000d6a80000,0x00000000d6a80000,0x00000000d6b80000)
 ParOldGen       total 81408K, used 81112K [0x0000000080000000, 0x0000000084f80000, 0x00000000d5580000)
  object space 81408K, 99% used [0x0000000080000000,0x0000000084f36290,0x0000000084f80000)
 Metaspace       used 72040K, committed 73536K, reserved 1114112K
  class space    used 8851K, committed 9536K, reserved 1048576K
}
Event: 32.169 GC heap after
{Heap after GC invocations=86 (full 3):
 PSYoungGen      total 22016K, used 448K [0x00000000d5580000, 0x00000000d6c00000, 0x0000000100000000)
  eden space 20992K, 0% used [0x00000000d5580000,0x00000000d5580000,0x00000000d6a00000)
  from space 1024K, 43% used [0x00000000d6a80000,0x00000000d6af0000,0x00000000d6b80000)
  to   space 512K, 0% used [0x00000000d6b80000,0x00000000d6b80000,0x00000000d6c00000)
 ParOldGen       total 81408K, used 81376K [0x0000000080000000, 0x0000000084f80000, 0x00000000d5580000)
  object space 81408K, 99% used [0x0000000080000000,0x0000000084f78290,0x0000000084f80000)
 Metaspace       used 72040K, committed 73536K, reserved 1114112K
  class space    used 8851K, committed 9536K, reserved 1048576K
}
Event: 32.216 GC heap before
{Heap before GC invocations=87 (full 3):
 PSYoungGen      total 22016K, used 21440K [0x00000000d5580000, 0x00000000d6c00000, 0x0000000100000000)
  eden space 20992K, 100% used [0x00000000d5580000,0x00000000d6a00000,0x00000000d6a00000)
  from space 1024K, 43% used [0x00000000d6a80000,0x00000000d6af0000,0x00000000d6b80000)
  to   space 512K, 0% used [0x00000000d6b80000,0x00000000d6b80000,0x00000000d6c00000)
 ParOldGen       total 81408K, used 81376K [0x0000000080000000, 0x0000000084f80000, 0x00000000d5580000)
  object space 81408K, 99% used [0x0000000080000000,0x0000000084f78290,0x0000000084f80000)
 Metaspace       used 72110K, committed 73600K, reserved 1114112K
  class space    used 8856K, committed 9536K, reserved 1048576K
}
Event: 32.218 GC heap after
{Heap after GC invocations=87 (full 3):
 PSYoungGen      total 21504K, used 448K [0x00000000d5580000, 0x00000000d6c00000, 0x0000000100000000)
  eden space 20992K, 0% used [0x00000000d5580000,0x00000000d5580000,0x00000000d6a00000)
  from space 512K, 87% used [0x00000000d6b80000,0x00000000d6bf0000,0x00000000d6c00000)
  to   space 512K, 0% used [0x00000000d6b00000,0x00000000d6b00000,0x00000000d6b80000)
 ParOldGen       total 82944K, used 82304K [0x0000000080000000, 0x0000000085100000, 0x00000000d5580000)
  object space 82944K, 99% used [0x0000000080000000,0x0000000085060290,0x0000000085100000)
 Metaspace       used 72110K, committed 73600K, reserved 1114112K
  class space    used 8856K, committed 9536K, reserved 1048576K
}
Event: 32.286 GC heap before
{Heap before GC invocations=88 (full 3):
 PSYoungGen      total 21504K, used 21440K [0x00000000d5580000, 0x00000000d6c00000, 0x0000000100000000)
  eden space 20992K, 100% used [0x00000000d5580000,0x00000000d6a00000,0x00000000d6a00000)
  from space 512K, 87% used [0x00000000d6b80000,0x00000000d6bf0000,0x00000000d6c00000)
  to   space 512K, 0% used [0x00000000d6b00000,0x00000000d6b00000,0x00000000d6b80000)
 ParOldGen       total 82944K, used 82304K [0x0000000080000000, 0x0000000085100000, 0x00000000d5580000)
  object space 82944K, 99% used [0x0000000080000000,0x0000000085060290,0x0000000085100000)
 Metaspace       used 72242K, committed 73664K, reserved 1114112K
  class space    used 8871K, committed 9536K, reserved 1048576K
}
Event: 32.288 GC heap after
{Heap after GC invocations=88 (full 3):
 PSYoungGen      total 21504K, used 489K [0x00000000d5580000, 0x00000000d6d00000, 0x0000000100000000)
  eden space 20992K, 0% used [0x00000000d5580000,0x00000000d5580000,0x00000000d6a00000)
  from space 512K, 95% used [0x00000000d6b00000,0x00000000d6b7a650,0x00000000d6b80000)
  to   space 1536K, 0% used [0x00000000d6b80000,0x00000000d6b80000,0x00000000d6d00000)
 ParOldGen       total 82944K, used 82866K [0x0000000080000000, 0x0000000085100000, 0x00000000d5580000)
  object space 82944K, 99% used [0x0000000080000000,0x00000000850ec938,0x0000000085100000)
 Metaspace       used 72242K, committed 73664K, reserved 1114112K
  class space    used 8871K, committed 9536K, reserved 1048576K
}
Event: 32.381 GC heap before
{Heap before GC invocations=89 (full 3):
 PSYoungGen      total 21504K, used 21481K [0x00000000d5580000, 0x00000000d6d00000, 0x0000000100000000)
  eden space 20992K, 99% used [0x00000000d5580000,0x00000000d69ffff0,0x00000000d6a00000)
  from space 512K, 95% used [0x00000000d6b00000,0x00000000d6b7a650,0x00000000d6b80000)
  to   space 1536K, 0% used [0x00000000d6b80000,0x00000000d6b80000,0x00000000d6d00000)
 ParOldGen       total 82944K, used 82866K [0x0000000080000000, 0x0000000085100000, 0x00000000d5580000)
  object space 82944K, 99% used [0x0000000080000000,0x00000000850ec938,0x0000000085100000)
 Metaspace       used 72423K, committed 73920K, reserved 1114112K
  class space    used 8891K, committed 9600K, reserved 1048576K
}
Event: 32.384 GC heap after
{Heap after GC invocations=89 (full 3):
 PSYoungGen      total 21504K, used 1509K [0x00000000d5580000, 0x00000000d6f00000, 0x0000000100000000)
  eden space 19968K, 0% used [0x00000000d5580000,0x00000000d5580000,0x00000000d6900000)
  from space 1536K, 98% used [0x00000000d6b80000,0x00000000d6cf9588,0x00000000d6d00000)
  to   space 2560K, 0% used [0x00000000d6900000,0x00000000d6900000,0x00000000d6b80000)
 ParOldGen       total 83968K, used 83583K [0x0000000080000000, 0x0000000085200000, 0x00000000d5580000)
  object space 83968K, 99% used [0x0000000080000000,0x000000008519ff98,0x0000000085200000)
 Metaspace       used 72423K, committed 73920K, reserved 1114112K
  class space    used 8891K, committed 9600K, reserved 1048576K
}
Event: 32.696 GC heap before
{Heap before GC invocations=90 (full 3):
 PSYoungGen      total 21504K, used 21477K [0x00000000d5580000, 0x00000000d6f00000, 0x0000000100000000)
  eden space 19968K, 100% used [0x00000000d5580000,0x00000000d6900000,0x00000000d6900000)
  from space 1536K, 98% used [0x00000000d6b80000,0x00000000d6cf9588,0x00000000d6d00000)
  to   space 2560K, 0% used [0x00000000d6900000,0x00000000d6900000,0x00000000d6b80000)
 ParOldGen       total 83968K, used 83583K [0x0000000080000000, 0x0000000085200000, 0x00000000d5580000)
  object space 83968K, 99% used [0x0000000080000000,0x000000008519ff98,0x0000000085200000)
 Metaspace       used 73048K, committed 74560K, reserved 1179648K
  class space    used 8981K, committed 9664K, reserved 1048576K
}
Event: 32.699 GC heap after
{Heap after GC invocations=90 (full 3):
 PSYoungGen      total 22528K, used 1984K [0x00000000d5580000, 0x00000000d6e00000, 0x0000000100000000)
  eden space 19968K, 0% used [0x00000000d5580000,0x00000000d5580000,0x00000000d6900000)
  from space 2560K, 77% used [0x00000000d6900000,0x00000000d6af0020,0x00000000d6b80000)
  to   space 2560K, 0% used [0x00000000d6b80000,0x00000000d6b80000,0x00000000d6e00000)
 ParOldGen       total 85504K, used 85079K [0x0000000080000000, 0x0000000085380000, 0x00000000d5580000)
  object space 85504K, 99% used [0x0000000080000000,0x0000000085315c98,0x0000000085380000)
 Metaspace       used 73048K, committed 74560K, reserved 1179648K
  class space    used 8981K, committed 9664K, reserved 1048576K
}
Event: 33.306 GC heap before
{Heap before GC invocations=91 (full 3):
 PSYoungGen      total 22528K, used 21932K [0x00000000d5580000, 0x00000000d6e00000, 0x0000000100000000)
  eden space 19968K, 99% used [0x00000000d5580000,0x00000000d68fb088,0x00000000d6900000)
  from space 2560K, 77% used [0x00000000d6900000,0x00000000d6af0020,0x00000000d6b80000)
  to   space 2560K, 0% used [0x00000000d6b80000,0x00000000d6b80000,0x00000000d6e00000)
 ParOldGen       total 85504K, used 85079K [0x0000000080000000, 0x0000000085380000, 0x00000000d5580000)
  object space 85504K, 99% used [0x0000000080000000,0x0000000085315c98,0x0000000085380000)
 Metaspace       used 73863K, committed 75392K, reserved 1179648K
  class space    used 9089K, committed 9792K, reserved 1048576K
}
Event: 33.309 GC heap after
{Heap after GC invocations=91 (full 3):
 PSYoungGen      total 20480K, used 448K [0x00000000d5580000, 0x00000000d6c00000, 0x0000000100000000)
  eden space 19968K, 0% used [0x00000000d5580000,0x00000000d5580000,0x00000000d6900000)
  from space 512K, 87% used [0x00000000d6b80000,0x00000000d6bf0000,0x00000000d6c00000)
  to   space 1536K, 0% used [0x00000000d6900000,0x00000000d6900000,0x00000000d6a80000)
 ParOldGen       total 87040K, used 86887K [0x0000000080000000, 0x0000000085500000, 0x00000000d5580000)
  object space 87040K, 99% used [0x0000000080000000,0x00000000854d9cb8,0x0000000085500000)
 Metaspace       used 73863K, committed 75392K, reserved 1179648K
  class space    used 9089K, committed 9792K, reserved 1048576K
}
Event: 33.603 GC heap before
{Heap before GC invocations=92 (full 3):
 PSYoungGen      total 20480K, used 20416K [0x00000000d5580000, 0x00000000d6c00000, 0x0000000100000000)
  eden space 19968K, 100% used [0x00000000d5580000,0x00000000d6900000,0x00000000d6900000)
  from space 512K, 87% used [0x00000000d6b80000,0x00000000d6bf0000,0x00000000d6c00000)
  to   space 1536K, 0% used [0x00000000d6900000,0x00000000d6900000,0x00000000d6a80000)
 ParOldGen       total 87040K, used 86887K [0x0000000080000000, 0x0000000085500000, 0x00000000d5580000)
  object space 87040K, 99% used [0x0000000080000000,0x00000000854d9cb8,0x0000000085500000)
 Metaspace       used 74970K, committed 76544K, reserved 1179648K
  class space    used 9220K, committed 9920K, reserved 1048576K
}
Event: 33.606 GC heap after
{Heap after GC invocations=92 (full 3):
 PSYoungGen      total 21504K, used 1527K [0x00000000d5580000, 0x00000000d6e00000, 0x0000000100000000)
  eden space 19968K, 0% used [0x00000000d5580000,0x00000000d5580000,0x00000000d6900000)
  from space 1536K, 99% used [0x00000000d6900000,0x00000000d6a7df48,0x00000000d6a80000)
  to   space 2560K, 0% used [0x00000000d6b80000,0x00000000d6b80000,0x00000000d6e00000)
 ParOldGen       total 87552K, used 87511K [0x0000000080000000, 0x0000000085580000, 0x00000000d5580000)
  object space 87552K, 99% used [0x0000000080000000,0x0000000085575cb8,0x0000000085580000)
 Metaspace       used 74970K, committed 76544K, reserved 1179648K
  class space    used 9220K, committed 9920K, reserved 1048576K
}
Event: 33.963 GC heap before
{Heap before GC invocations=93 (full 3):
 PSYoungGen      total 21504K, used 21495K [0x00000000d5580000, 0x00000000d6e00000, 0x0000000100000000)
  eden space 19968K, 100% used [0x00000000d5580000,0x00000000d6900000,0x00000000d6900000)
  from space 1536K, 99% used [0x00000000d6900000,0x00000000d6a7df48,0x00000000d6a80000)
  to   space 2560K, 0% used [0x00000000d6b80000,0x00000000d6b80000,0x00000000d6e00000)
 ParOldGen       total 87552K, used 87511K [0x0000000080000000, 0x0000000085580000, 0x00000000d5580000)
  object space 87552K, 99% used [0x0000000080000000,0x0000000085575cb8,0x0000000085580000)
 Metaspace       used 75953K, committed 77504K, reserved 1179648K
  class space    used 9331K, committed 10048K, reserved 1048576K
}
Event: 33.966 GC heap after
{Heap after GC invocations=93 (full 3):
 PSYoungGen      total 22016K, used 1694K [0x00000000d5580000, 0x00000000d6d80000, 0x0000000100000000)
  eden space 19968K, 0% used [0x00000000d5580000,0x00000000d5580000,0x00000000d6900000)
  from space 2048K, 82% used [0x00000000d6b80000,0x00000000d6d27b08,0x00000000d6d80000)
  to   space 2048K, 0% used [0x00000000d6980000,0x00000000d6980000,0x00000000d6b80000)
 ParOldGen       total 88576K, used 88535K [0x0000000080000000, 0x0000000085680000, 0x00000000d5580000)
  object space 88576K, 99% used [0x0000000080000000,0x0000000085675cc8,0x0000000085680000)
 Metaspace       used 75953K, committed 77504K, reserved 1179648K
  class space    used 9331K, committed 10048K, reserved 1048576K
}

