# JRE version: OpenJDK Runtime Environment Temurin-21.0.12.1+1 (21.0.12.1+1) (build 21.0.12.1+1-LTS)
# Java VM: OpenJDK 64-Bit Server VM Temurin-21.0.12.1+1 (21.0.12.1+1-LTS, mixed mode, sharing, tiered, compressed oops, compressed class ptrs, parallel gc, windows-amd64)
GC Precious Log:
 CardTable entry size: 512
 CPUs: 12 total, 12 available
 Memory: 16016M
 Large Page Support: Disabled
 NUMA Support: Disabled
 Compressed Oops: Enabled (32-bit)
 Alignments: Space 512K, Generation 512K, Heap 2M
 Heap Min Capacity: 100M
 Heap Initial Capacity: 100M
 Heap Max Capacity: 2G
 Pre-touch: Disabled
 Parallel Workers: 10
Heap:
 PSYoungGen      total 15872K, used 6649K [0x00000000d5580000, 0x00000000d6700000, 0x0000000100000000)
  eden space 14848K, 37% used [0x00000000d5580000,0x00000000d5afe4f0,0x00000000d6400000)
  from space 1024K, 100% used [0x00000000d6500000,0x00000000d6600000,0x00000000d6600000)
  to   space 1024K, 0% used [0x00000000d6600000,0x00000000d6600000,0x00000000d6700000)
 ParOldGen       total 75776K, used 75665K [0x0000000080000000, 0x0000000084a00000, 0x00000000d5580000)
  object space 75776K, 99% used [0x0000000080000000,0x00000000849e4738,0x0000000084a00000)
 Metaspace       used 64922K, committed 66304K, reserved 1114112K
  class space    used 7599K, committed 8256K, reserved 1048576K
GC Heap History (20 events):
Event: 23.283 GC heap before
{Heap before GC invocations=84 (full 3):
 PSYoungGen      total 15360K, used 15232K [0x00000000d5580000, 0x00000000d6780000, 0x0000000100000000)
  eden space 14848K, 100% used [0x00000000d5580000,0x00000000d6400000,0x00000000d6400000)
  from space 512K, 75% used [0x00000000d6700000,0x00000000d6760000,0x00000000d6780000)
  to   space 512K, 0% used [0x00000000d6680000,0x00000000d6680000,0x00000000d6700000)
 ParOldGen       total 71168K, used 70766K [0x0000000080000000, 0x0000000084580000, 0x00000000d5580000)
  object space 71168K, 99% used [0x0000000080000000,0x000000008451ba08,0x0000000084580000)
 Metaspace       used 63111K, committed 64384K, reserved 1114112K
  class space    used 7352K, committed 7872K, reserved 1048576K
}
Event: 23.284 GC heap after
{Heap after GC invocations=84 (full 3):
 PSYoungGen      total 15360K, used 320K [0x00000000d5580000, 0x00000000d6780000, 0x0000000100000000)
  eden space 14848K, 0% used [0x00000000d5580000,0x00000000d5580000,0x00000000d6400000)
  from space 512K, 62% used [0x00000000d6680000,0x00000000d66d0000,0x00000000d6700000)
  to   space 512K, 0% used [0x00000000d6700000,0x00000000d6700000,0x00000000d6780000)
 ParOldGen       total 71168K, used 71046K [0x0000000080000000, 0x0000000084580000, 0x00000000d5580000)
  object space 71168K, 99% used [0x0000000080000000,0x0000000084561a08,0x0000000084580000)
 Metaspace       used 63111K, committed 64384K, reserved 1114112K
  class space    used 7352K, committed 7872K, reserved 1048576K
}
Event: 23.300 GC heap before
{Heap before GC invocations=85 (full 3):
 PSYoungGen      total 15360K, used 15168K [0x00000000d5580000, 0x00000000d6780000, 0x0000000100000000)
  eden space 14848K, 100% used [0x00000000d5580000,0x00000000d6400000,0x00000000d6400000)
  from space 512K, 62% used [0x00000000d6680000,0x00000000d66d0000,0x00000000d6700000)
  to   space 512K, 0% used [0x00000000d6700000,0x00000000d6700000,0x00000000d6780000)
 ParOldGen       total 71168K, used 71046K [0x0000000080000000, 0x0000000084580000, 0x00000000d5580000)
  object space 71168K, 99% used [0x0000000080000000,0x0000000084561a08,0x0000000084580000)
 Metaspace       used 63124K, committed 64384K, reserved 1114112K
  class space    used 7352K, committed 7872K, reserved 1048576K
}
Event: 23.301 GC heap after
{Heap after GC invocations=85 (full 3):
 PSYoungGen      total 15360K, used 384K [0x00000000d5580000, 0x00000000d6780000, 0x0000000100000000)
  eden space 14848K, 0% used [0x00000000d5580000,0x00000000d5580000,0x00000000d6400000)
  from space 512K, 75% used [0x00000000d6700000,0x00000000d6760000,0x00000000d6780000)
  to   space 512K, 0% used [0x00000000d6680000,0x00000000d6680000,0x00000000d6700000)
 ParOldGen       total 71680K, used 71302K [0x0000000080000000, 0x0000000084600000, 0x00000000d5580000)
  object space 71680K, 99% used [0x0000000080000000,0x00000000845a1a08,0x0000000084600000)
 Metaspace       used 63124K, committed 64384K, reserved 1114112K
  class space    used 7352K, committed 7872K, reserved 1048576K
}
Event: 23.319 GC heap before
{Heap before GC invocations=86 (full 3):
 PSYoungGen      total 15360K, used 15232K [0x00000000d5580000, 0x00000000d6780000, 0x0000000100000000)
  eden space 14848K, 100% used [0x00000000d5580000,0x00000000d6400000,0x00000000d6400000)
  from space 512K, 75% used [0x00000000d6700000,0x00000000d6760000,0x00000000d6780000)
  to   space 512K, 0% used [0x00000000d6680000,0x00000000d6680000,0x00000000d6700000)
 ParOldGen       total 71680K, used 71302K [0x0000000080000000, 0x0000000084600000, 0x00000000d5580000)
  object space 71680K, 99% used [0x0000000080000000,0x00000000845a1a08,0x0000000084600000)
 Metaspace       used 63152K, committed 64448K, reserved 1114112K
  class space    used 7354K, committed 7872K, reserved 1048576K
}
Event: 23.320 GC heap after
{Heap after GC invocations=86 (full 3):
 PSYoungGen      total 15360K, used 352K [0x00000000d5580000, 0x00000000d6780000, 0x0000000100000000)
  eden space 14848K, 0% used [0x00000000d5580000,0x00000000d5580000,0x00000000d6400000)
  from space 512K, 68% used [0x00000000d6680000,0x00000000d66d8000,0x00000000d6700000)
  to   space 512K, 0% used [0x00000000d6700000,0x00000000d6700000,0x00000000d6780000)
 ParOldGen       total 71680K, used 71558K [0x0000000080000000, 0x0000000084600000, 0x00000000d5580000)
  object space 71680K, 99% used [0x0000000080000000,0x00000000845e1a08,0x0000000084600000)
 Metaspace       used 63152K, committed 64448K, reserved 1114112K
  class space    used 7354K, committed 7872K, reserved 1048576K
}
Event: 23.342 GC heap before
{Heap before GC invocations=87 (full 3):
 PSYoungGen      total 15360K, used 15200K [0x00000000d5580000, 0x00000000d6780000, 0x0000000100000000)
  eden space 14848K, 100% used [0x00000000d5580000,0x00000000d6400000,0x00000000d6400000)
  from space 512K, 68% used [0x00000000d6680000,0x00000000d66d8000,0x00000000d6700000)
  to   space 512K, 0% used [0x00000000d6700000,0x00000000d6700000,0x00000000d6780000)
 ParOldGen       total 71680K, used 71558K [0x0000000080000000, 0x0000000084600000, 0x00000000d5580000)
  object space 71680K, 99% used [0x0000000080000000,0x00000000845e1a08,0x0000000084600000)
 Metaspace       used 63196K, committed 64512K, reserved 1114112K
  class space    used 7360K, committed 7936K, reserved 1048576K
}
Event: 23.343 GC heap after
{Heap after GC invocations=87 (full 3):
 PSYoungGen      total 15360K, used 512K [0x00000000d5580000, 0x00000000d6780000, 0x0000000100000000)
  eden space 14848K, 0% used [0x00000000d5580000,0x00000000d5580000,0x00000000d6400000)
  from space 512K, 100% used [0x00000000d6700000,0x00000000d6780000,0x00000000d6780000)
  to   space 1024K, 0% used [0x00000000d6580000,0x00000000d6580000,0x00000000d6680000)
 ParOldGen       total 72192K, used 71822K [0x0000000080000000, 0x0000000084680000, 0x00000000d5580000)
  object space 72192K, 99% used [0x0000000080000000,0x0000000084623a08,0x0000000084680000)
 Metaspace       used 63196K, committed 64512K, reserved 1114112K
  class space    used 7360K, committed 7936K, reserved 1048576K
}
Event: 23.362 GC heap before
{Heap before GC invocations=88 (full 3):
 PSYoungGen      total 15360K, used 15360K [0x00000000d5580000, 0x00000000d6780000, 0x0000000100000000)
  eden space 14848K, 100% used [0x00000000d5580000,0x00000000d6400000,0x00000000d6400000)
  from space 512K, 100% used [0x00000000d6700000,0x00000000d6780000,0x00000000d6780000)
  to   space 1024K, 0% used [0x00000000d6580000,0x00000000d6580000,0x00000000d6680000)
 ParOldGen       total 72192K, used 71822K [0x0000000080000000, 0x0000000084680000, 0x00000000d5580000)
  object space 72192K, 99% used [0x0000000080000000,0x0000000084623a08,0x0000000084680000)
 Metaspace       used 63232K, committed 64512K, reserved 1114112K
  class space    used 7364K, committed 7936K, reserved 1048576K
}
Event: 23.363 GC heap after
{Heap after GC invocations=88 (full 3):
 PSYoungGen      total 15872K, used 384K [0x00000000d5580000, 0x00000000d6780000, 0x0000000100000000)
  eden space 14848K, 0% used [0x00000000d5580000,0x00000000d5580000,0x00000000d6400000)
  from space 1024K, 37% used [0x00000000d6580000,0x00000000d65e0000,0x00000000d6680000)
  to   space 512K, 0% used [0x00000000d6700000,0x00000000d6700000,0x00000000d6780000)
 ParOldGen       total 72192K, used 72146K [0x0000000080000000, 0x0000000084680000, 0x00000000d5580000)
  object space 72192K, 99% used [0x0000000080000000,0x0000000084674a18,0x0000000084680000)
 Metaspace       used 63232K, committed 64512K, reserved 1114112K
  class space    used 7364K, committed 7936K, reserved 1048576K
}
Event: 23.384 GC heap before
{Heap before GC invocations=89 (full 3):
 PSYoungGen      total 15872K, used 15232K [0x00000000d5580000, 0x00000000d6780000, 0x0000000100000000)
  eden space 14848K, 100% used [0x00000000d5580000,0x00000000d6400000,0x00000000d6400000)
  from space 1024K, 37% used [0x00000000d6580000,0x00000000d65e0000,0x00000000d6680000)
  to   space 512K, 0% used [0x00000000d6700000,0x00000000d6700000,0x00000000d6780000)
 ParOldGen       total 72192K, used 72146K [0x0000000080000000, 0x0000000084680000, 0x00000000d5580000)
  object space 72192K, 99% used [0x0000000080000000,0x0000000084674a18,0x0000000084680000)
 Metaspace       used 63321K, committed 64576K, reserved 1114112K
  class space    used 7380K, committed 7936K, reserved 1048576K
}
Event: 23.385 GC heap after
{Heap after GC invocations=89 (full 3):
 PSYoungGen      total 15360K, used 416K [0x00000000d5580000, 0x00000000d6780000, 0x0000000100000000)
  eden space 14848K, 0% used [0x00000000d5580000,0x00000000d5580000,0x00000000d6400000)
  from space 512K, 81% used [0x00000000d6700000,0x00000000d6768000,0x00000000d6780000)
  to   space 512K, 0% used [0x00000000d6680000,0x00000000d6680000,0x00000000d6700000)
 ParOldGen       total 72704K, used 72434K [0x0000000080000000, 0x0000000084700000, 0x00000000d5580000)
  object space 72704K, 99% used [0x0000000080000000,0x00000000846bca18,0x0000000084700000)
 Metaspace       used 63321K, committed 64576K, reserved 1114112K
  class space    used 7380K, committed 7936K, reserved 1048576K
}
Event: 23.409 GC heap before
{Heap before GC invocations=90 (full 3):
 PSYoungGen      total 15360K, used 15264K [0x00000000d5580000, 0x00000000d6780000, 0x0000000100000000)
  eden space 14848K, 100% used [0x00000000d5580000,0x00000000d6400000,0x00000000d6400000)
  from space 512K, 81% used [0x00000000d6700000,0x00000000d6768000,0x00000000d6780000)
  to   space 512K, 0% used [0x00000000d6680000,0x00000000d6680000,0x00000000d6700000)
 ParOldGen       total 72704K, used 72434K [0x0000000080000000, 0x0000000084700000, 0x00000000d5580000)
  object space 72704K, 99% used [0x0000000080000000,0x00000000846bca18,0x0000000084700000)
 Metaspace       used 63441K, committed 64704K, reserved 1114112K
  class space    used 7399K, committed 7936K, reserved 1048576K
}
Event: 23.410 GC heap after
{Heap after GC invocations=90 (full 3):
 PSYoungGen      total 15360K, used 512K [0x00000000d5580000, 0x00000000d6780000, 0x0000000100000000)
  eden space 14848K, 0% used [0x00000000d5580000,0x00000000d5580000,0x00000000d6400000)
  from space 512K, 100% used [0x00000000d6680000,0x00000000d6700000,0x00000000d6700000)
  to   space 512K, 0% used [0x00000000d6700000,0x00000000d6700000,0x00000000d6780000)
 ParOldGen       total 72704K, used 72698K [0x0000000080000000, 0x0000000084700000, 0x00000000d5580000)
  object space 72704K, 99% used [0x0000000080000000,0x00000000846fea18,0x0000000084700000)
 Metaspace       used 63441K, committed 64704K, reserved 1114112K
  class space    used 7399K, committed 7936K, reserved 1048576K
}
Event: 23.442 GC heap before
{Heap before GC invocations=91 (full 3):
 PSYoungGen      total 15360K, used 15360K [0x00000000d5580000, 0x00000000d6780000, 0x0000000100000000)
  eden space 14848K, 100% used [0x00000000d5580000,0x00000000d6400000,0x00000000d6400000)
  from space 512K, 100% used [0x00000000d6680000,0x00000000d6700000,0x00000000d6700000)
  to   space 512K, 0% used [0x00000000d6700000,0x00000000d6700000,0x00000000d6780000)
 ParOldGen       total 72704K, used 72698K [0x0000000080000000, 0x0000000084700000, 0x00000000d5580000)
  object space 72704K, 99% used [0x0000000080000000,0x00000000846fea18,0x0000000084700000)
 Metaspace       used 63737K, committed 65024K, reserved 1114112K
  class space    used 7424K, committed 8000K, reserved 1048576K
}
Event: 23.443 GC heap after
{Heap after GC invocations=91 (full 3):
 PSYoungGen      total 15360K, used 466K [0x00000000d5580000, 0x00000000d6780000, 0x0000000100000000)
  eden space 14848K, 0% used [0x00000000d5580000,0x00000000d5580000,0x00000000d6400000)
  from space 512K, 91% used [0x00000000d6700000,0x00000000d6774bb8,0x00000000d6780000)
  to   space 1024K, 0% used [0x00000000d6580000,0x00000000d6580000,0x00000000d6680000)
 ParOldGen       total 73216K, used 73113K [0x0000000080000000, 0x0000000084780000, 0x00000000d5580000)
  object space 73216K, 99% used [0x0000000080000000,0x0000000084766718,0x0000000084780000)
 Metaspace       used 63737K, committed 65024K, reserved 1114112K
  class space    used 7424K, committed 8000K, reserved 1048576K
}
Event: 23.491 GC heap before
{Heap before GC invocations=92 (full 3):
 PSYoungGen      total 15360K, used 15314K [0x00000000d5580000, 0x00000000d6780000, 0x0000000100000000)
  eden space 14848K, 100% used [0x00000000d5580000,0x00000000d6400000,0x00000000d6400000)
  from space 512K, 91% used [0x00000000d6700000,0x00000000d6774bb8,0x00000000d6780000)
  to   space 1024K, 0% used [0x00000000d6580000,0x00000000d6580000,0x00000000d6680000)
 ParOldGen       total 73216K, used 73113K [0x0000000080000000, 0x0000000084780000, 0x00000000d5580000)
  object space 73216K, 99% used [0x0000000080000000,0x0000000084766718,0x0000000084780000)
 Metaspace       used 64114K, committed 65408K, reserved 1114112K
  class space    used 7480K, committed 8064K, reserved 1048576K
}
Event: 23.493 GC heap after
{Heap after GC invocations=92 (full 3):
 PSYoungGen      total 15872K, used 1008K [0x00000000d5580000, 0x00000000d6800000, 0x0000000100000000)
  eden space 14848K, 0% used [0x00000000d5580000,0x00000000d5580000,0x00000000d6400000)
  from space 1024K, 98% used [0x00000000d6580000,0x00000000d667c000,0x00000000d6680000)
  to   space 1536K, 0% used [0x00000000d6680000,0x00000000d6680000,0x00000000d6800000)
 ParOldGen       total 73728K, used 73513K [0x0000000080000000, 0x0000000084800000, 0x00000000d5580000)
  object space 73728K, 99% used [0x0000000080000000,0x00000000847ca738,0x0000000084800000)
 Metaspace       used 64114K, committed 65408K, reserved 1114112K
  class space    used 7480K, committed 8064K, reserved 1048576K
}
Event: 23.516 GC heap before
{Heap before GC invocations=93 (full 3):
 PSYoungGen      total 15872K, used 15856K [0x00000000d5580000, 0x00000000d6800000, 0x0000000100000000)
  eden space 14848K, 100% used [0x00000000d5580000,0x00000000d6400000,0x00000000d6400000)
  from space 1024K, 98% used [0x00000000d6580000,0x00000000d667c000,0x00000000d6680000)
  to   space 1536K, 0% used [0x00000000d6680000,0x00000000d6680000,0x00000000d6800000)
 ParOldGen       total 73728K, used 73513K [0x0000000080000000, 0x0000000084800000, 0x00000000d5580000)
  object space 73728K, 99% used [0x0000000080000000,0x00000000847ca738,0x0000000084800000)
 Metaspace       used 64365K, committed 65728K, reserved 1114112K
  class space    used 7513K, committed 8128K, reserved 1048576K
}
Event: 23.518 GC heap after
{Heap after GC invocations=93 (full 3):
 PSYoungGen      total 15360K, used 448K [0x00000000d5580000, 0x00000000d6700000, 0x0000000100000000)
  eden space 14848K, 0% used [0x00000000d5580000,0x00000000d5580000,0x00000000d6400000)
  from space 512K, 87% used [0x00000000d6680000,0x00000000d66f0000,0x00000000d6700000)
  to   space 1024K, 0% used [0x00000000d6500000,0x00000000d6500000,0x00000000d6600000)
 ParOldGen       total 75776K, used 75321K [0x0000000080000000, 0x0000000084a00000, 0x00000000d5580000)
  object space 75776K, 99% used [0x0000000080000000,0x000000008498e738,0x0000000084a00000)
 Metaspace       used 64365K, committed 65728K, reserved 1114112K
  class space    used 7513K, committed 8128K, reserved 1048576K
}

